<?xml version="1.0" encoding="UTF-8"?>
<!-- Generated by org.testng.reporters.JUnitReportReporter -->
<testsuite failures="0" tests="1" name="demoTestCases.PracticeTest" time="0.012" errors="0" timestamp="2023-11-09T00:11:45 IST" skipped="0">
  <testcase classname="demoTestCases.PracticeTest" name="arrayDupNumRemove" time="0.012"/>
</testsuite> <!-- demoTestCases.PracticeTest -->
